
2016/12/03 05:06:53 [error] 20734#0: *56078 FastCGI sent in stderr: "PHP message: PHP Notice:  Undefined variable: ravuga in /srv/http/furiios.es/rfid/public_html/index.php on line 32
PHP message: PHP Fatal error:  Uncaught exception 'InvalidArgumentException' with message 'Route callable must be callable' in /srv/http/furiios.es/rfid/inc/vendor/slim/slim/Slim/Route.php:178
Stack trace:
#0 /srv/http/furiios.es/rfid/inc/vendor/slim/slim/Slim/Route.php(107): Slim\Route->setCallable(Array)
#1 /srv/http/furiios.es/rfid/inc/vendor/slim/slim/Slim/Slim.php(443): Slim\Route->__construct('/session/', Array, true)
#2 /srv/http/furiios.es/rfid/inc/vendor/slim/slim/Slim/Slim.php(473): Slim\Slim->mapRoute(Array)
#3 /srv/http/furiios.es/rfid/public_html/index.php(32): Slim\Slim->get('/session/', Array, Array)
#4 {main}
  thrown in /srv/http/furiios.es/rfid/inc/vendor/slim/slim/Slim/Route.php on line 178" while reading response header from upstream, client: 10.10.0.11, server: rfid.furiios.es, request: "GET / HTTP/1.0", upstream: "fastcgi://unix:/run/php5-fpm.sock:", host: "rfid.furiios.es"
2016/12/03 05:06:53 [error] 20734#0: *56080 FastCGI sent in stderr: "PHP message: PHP Notice:  Undefined variable: ravuga in /srv/http/furiios.es/rfid/public_html/index.php on line 32
PHP message: PHP Fatal error:  Uncaught exception 'InvalidArgumentException' with message 'Route callable must be callable' in /srv/http/furiios.es/rfid/inc/vendor/slim/slim/Slim/Route.php:178
Stack trace:
#0 /srv/http/furiios.es/rfid/inc/vendor/slim/slim/Slim/Route.php(107): Slim\Route->setCallable(Array)
#1 /srv/http/furiios.es/rfid/inc/vendor/slim/slim/Slim/Slim.php(443): Slim\Route->__construct('/session/', Array, true)
#2 /srv/http/furiios.es/rfid/inc/vendor/slim/slim/Slim/Slim.php(473): Slim\Slim->mapRoute(Array)
#3 /srv/http/furiios.es/rfid/public_html/index.php(32): Slim\Slim->get('/session/', Array, Array)
#4 {main}
  thrown in /srv/http/furiios.es/rfid/inc/vendor/slim/slim/Slim/Route.php on line 178" while reading response header from upstream, client: 10.10.0.11, server: rfid.furiios.es, request: "GET /favicon.ico HTTP/1.0", upstream: "fastcgi://unix:/run/php5-fpm.sock:", host: "rfid.furiios.es"
2016/12/03 05:06:53 [error] 20734#0: *56082 FastCGI sent in stderr: "PHP message: PHP Notice:  Undefined variable: ravuga in /srv/http/furiios.es/rfid/public_html/index.php on line 32
PHP message: PHP Fatal error:  Uncaught exception 'InvalidArgumentException' with message 'Route callable must be callable' in /srv/http/furiios.es/rfid/inc/vendor/slim/slim/Slim/Route.php:178
Stack trace:
#0 /srv/http/furiios.es/rfid/inc/vendor/slim/slim/Slim/Route.php(107): Slim\Route->setCallable(Array)
#1 /srv/http/furiios.es/rfid/inc/vendor/slim/slim/Slim/Slim.php(443): Slim\Route->__construct('/session/', Array, true)
#2 /srv/http/furiios.es/rfid/inc/vendor/slim/slim/Slim/Slim.php(473): Slim\Slim->mapRoute(Array)
#3 /srv/http/furiios.es/rfid/public_html/index.php(32): Slim\Slim->get('/session/', Array, Array)
#4 {main}
  thrown in /srv/http/furiios.es/rfid/inc/vendor/slim/slim/Slim/Route.php on line 178" while reading response header from upstream, client: 10.10.0.11, server: rfid.furiios.es, request: "GET /favicon.ico HTTP/1.0", upstream: "fastcgi://unix:/run/php5-fpm.sock:", host: "rfid.furiios.es"
2016/12/03 05:06:57 [error] 20734#0: *56084 FastCGI sent in stderr: "PHP message: PHP Notice:  Undefined variable: ravuga in /srv/http/furiios.es/rfid/public_html/index.php on line 32
PHP message: PHP Fatal error:  Uncaught exception 'InvalidArgumentException' with message 'Route callable must be callable' in /srv/http/furiios.es/rfid/inc/vendor/slim/slim/Slim/Route.php:178
Stack trace:
#0 /srv/http/furiios.es/rfid/inc/vendor/slim/slim/Slim/Route.php(107): Slim\Route->setCallable(Array)
#1 /srv/http/furiios.es/rfid/inc/vendor/slim/slim/Slim/Slim.php(443): Slim\Route->__construct('/session/', Array, true)
#2 /srv/http/furiios.es/rfid/inc/vendor/slim/slim/Slim/Slim.php(473): Slim\Slim->mapRoute(Array)
#3 /srv/http/furiios.es/rfid/public_html/index.php(32): Slim\Slim->get('/session/', Array, Array)
#4 {main}
  thrown in /srv/http/furiios.es/rfid/inc/vendor/slim/slim/Slim/Route.php on line 178" while reading response header from upstream, client: 10.10.0.11, server: rfid.furiios.es, request: "GET / HTTP/1.0", upstream: "fastcgi://unix:/run/php5-fpm.sock:", host: "rfid.furiios.es"
2016/12/03 05:22:14 [error] 20734#0: *56162 FastCGI sent in stderr: "PHP message: PHP Notice:  Undefined variable: ravuga in /srv/http/furiios.es/rfid/public_html/index.php on line 32
PHP message: PHP Fatal error:  Uncaught exception 'InvalidArgumentException' with message 'Route callable must be callable' in /srv/http/furiios.es/rfid/inc/vendor/slim/slim/Slim/Route.php:178
Stack trace:
#0 /srv/http/furiios.es/rfid/inc/vendor/slim/slim/Slim/Route.php(107): Slim\Route->setCallable(Array)
#1 /srv/http/furiios.es/rfid/inc/vendor/slim/slim/Slim/Slim.php(443): Slim\Route->__construct('/session/', Array, true)
#2 /srv/http/furiios.es/rfid/inc/vendor/slim/slim/Slim/Slim.php(473): Slim\Slim->mapRoute(Array)
#3 /srv/http/furiios.es/rfid/public_html/index.php(32): Slim\Slim->get('/session/', Array, Array)
#4 {main}
  thrown in /srv/http/furiios.es/rfid/inc/vendor/slim/slim/Slim/Route.php on line 178" while reading response header from upstream, client: 10.10.0.11, server: rfid.furiios.es, request: "GET / HTTP/1.0", upstream: "fastcgi://unix:/run/php5-fpm.sock:", host: "rfid.furiios.es"
2016/12/03 05:39:28 [error] 20734#0: *56289 FastCGI sent in stderr: "PHP message: PHP Fatal error:  Undefined class constant 'SESSION_LENGTH' in /srv/http/furiios.es/rfid/inc/RFID.class.php on line 47" while reading response header from upstream, client: 10.10.0.11, server: rfid.furiios.es, request: "POST /session/ HTTP/1.0", upstream: "fastcgi://unix:/run/php5-fpm.sock:", host: "rfid.furiios.es"
2016/12/03 05:39:32 [error] 20734#0: *56291 FastCGI sent in stderr: "PHP message: PHP Fatal error:  Undefined class constant 'SESSION_LENGTH' in /srv/http/furiios.es/rfid/inc/RFID.class.php on line 47" while reading response header from upstream, client: 10.10.0.11, server: rfid.furiios.es, request: "POST /session/ HTTP/1.0", upstream: "fastcgi://unix:/run/php5-fpm.sock:", host: "rfid.furiios.es"
2016/12/03 05:39:57 [error] 20734#0: *56293 FastCGI sent in stderr: "PHP message: PHP Fatal error:  Undefined class constant 'SESSION_LENGTH' in /srv/http/furiios.es/rfid/inc/RFID.class.php on line 47" while reading response header from upstream, client: 10.10.0.11, server: rfid.furiios.es, request: "POST /session/ HTTP/1.0", upstream: "fastcgi://unix:/run/php5-fpm.sock:", host: "rfid.furiios.es"
2016/12/03 05:40:11 [error] 20734#0: *56297 FastCGI sent in stderr: "PHP message: PHP Fatal error:  Undefined class constant 'SESSION_LENGTH' in /srv/http/furiios.es/rfid/inc/RFID.class.php on line 47" while reading response header from upstream, client: 10.10.0.11, server: rfid.furiios.es, request: "POST /session/ HTTP/1.0", upstream: "fastcgi://unix:/run/php5-fpm.sock:", host: "rfid.furiios.es"
2016/12/03 05:50:45 [error] 20734#0: *56331 FastCGI sent in stderr: "PHP message: PHP Fatal error:  Call to undefined method RFID::jsonEncode() in /srv/http/furiios.es/rfid/inc/RFID.class.php on line 61" while reading response header from upstream, client: 10.10.0.11, server: rfid.furiios.es, request: "POST /session/ HTTP/1.0", upstream: "fastcgi://unix:/run/php5-fpm.sock:", host: "rfid.furiios.es"
2016/12/03 05:54:52 [error] 20734#0: *56363 FastCGI sent in stderr: "PHP message: PHP Notice:  Undefined variable: ravuga in /srv/http/furiios.es/rfid/public_html/index.php on line 32
PHP message: PHP Fatal error:  Uncaught exception 'InvalidArgumentException' with message 'Route callable must be callable' in /srv/http/furiios.es/rfid/inc/vendor/slim/slim/Slim/Route.php:178
Stack trace:
#0 /srv/http/furiios.es/rfid/inc/vendor/slim/slim/Slim/Route.php(107): Slim\Route->setCallable(Array)
#1 /srv/http/furiios.es/rfid/inc/vendor/slim/slim/Slim/Slim.php(443): Slim\Route->__construct('/session/', Array, true)
#2 /srv/http/furiios.es/rfid/inc/vendor/slim/slim/Slim/Slim.php(473): Slim\Slim->mapRoute(Array)
#3 /srv/http/furiios.es/rfid/public_html/index.php(32): Slim\Slim->get('/session/', Array, Array)
#4 {main}
  thrown in /srv/http/furiios.es/rfid/inc/vendor/slim/slim/Slim/Route.php on line 178" while reading response header from upstream, client: 10.10.0.11, server: rfid.furiios.es, request: "GET / HTTP/1.0", upstream: "fastcgi://unix:/run/php5-fpm.sock:", host: "rfid.furiios.es"
2016/12/03 05:57:24 [error] 20734#0: *56365 FastCGI sent in stderr: "PHP message: PHP Notice:  Undefined variable: ravuga in /srv/http/furiios.es/rfid/public_html/index.php on line 32
PHP message: PHP Fatal error:  Uncaught exception 'InvalidArgumentException' with message 'Route callable must be callable' in /srv/http/furiios.es/rfid/inc/vendor/slim/slim/Slim/Route.php:178
Stack trace:
#0 /srv/http/furiios.es/rfid/inc/vendor/slim/slim/Slim/Route.php(107): Slim\Route->setCallable(Array)
#1 /srv/http/furiios.es/rfid/inc/vendor/slim/slim/Slim/Slim.php(443): Slim\Route->__construct('/session/', Array, true)
#2 /srv/http/furiios.es/rfid/inc/vendor/slim/slim/Slim/Slim.php(473): Slim\Slim->mapRoute(Array)
#3 /srv/http/furiios.es/rfid/public_html/index.php(32): Slim\Slim->get('/session/', Array, Array)
#4 {main}
  thrown in /srv/http/furiios.es/rfid/inc/vendor/slim/slim/Slim/Route.php on line 178" while reading response header from upstream, client: 10.10.0.11, server: rfid.furiios.es, request: "POST /session/ HTTP/1.0", upstream: "fastcgi://unix:/run/php5-fpm.sock:", host: "rfid.furiios.es"
2016/12/03 05:59:56 [error] 20734#0: *56419 FastCGI sent in stderr: "PHP message: PHP Notice:  Undefined variable: ravuga in /srv/http/furiios.es/rfid/public_html/index.php on line 32
PHP message: PHP Fatal error:  Uncaught exception 'InvalidArgumentException' with message 'Route callable must be callable' in /srv/http/furiios.es/rfid/inc/vendor/slim/slim/Slim/Route.php:178
Stack trace:
#0 /srv/http/furiios.es/rfid/inc/vendor/slim/slim/Slim/Route.php(107): Slim\Route->setCallable(Array)
#1 /srv/http/furiios.es/rfid/inc/vendor/slim/slim/Slim/Slim.php(443): Slim\Route->__construct('/session/', Array, true)
#2 /srv/http/furiios.es/rfid/inc/vendor/slim/slim/Slim/Slim.php(473): Slim\Slim->mapRoute(Array)
#3 /srv/http/furiios.es/rfid/public_html/index.php(32): Slim\Slim->get('/session/', Array, Array)
#4 {main}
  thrown in /srv/http/furiios.es/rfid/inc/vendor/slim/slim/Slim/Route.php on line 178" while reading response header from upstream, client: 10.10.0.11, server: rfid.furiios.es, request: "POST /session/ HTTP/1.0", upstream: "fastcgi://unix:/run/php5-fpm.sock:", host: "rfid.furiios.es"
2016/12/03 06:00:45 [error] 20734#0: *56423 FastCGI sent in stderr: "PHP message: PHP Notice:  Undefined variable: ravuga in /srv/http/furiios.es/rfid/public_html/index.php on line 32
PHP message: PHP Fatal error:  Uncaught exception 'InvalidArgumentException' with message 'Route callable must be callable' in /srv/http/furiios.es/rfid/inc/vendor/slim/slim/Slim/Route.php:178
Stack trace:
#0 /srv/http/furiios.es/rfid/inc/vendor/slim/slim/Slim/Route.php(107): Slim\Route->setCallable(Array)
#1 /srv/http/furiios.es/rfid/inc/vendor/slim/slim/Slim/Slim.php(443): Slim\Route->__construct('/session/', Array, true)
#2 /srv/http/furiios.es/rfid/inc/vendor/slim/slim/Slim/Slim.php(473): Slim\Slim->mapRoute(Array)
#3 /srv/http/furiios.es/rfid/public_html/index.php(32): Slim\Slim->get('/session/', Array, Array)
#4 {main}
  thrown in /srv/http/furiios.es/rfid/inc/vendor/slim/slim/Slim/Route.php on line 178" while reading response header from upstream, client: 10.10.0.11, server: rfid.furiios.es, request: "POST /session/ HTTP/1.0", upstream: "fastcgi://unix:/run/php5-fpm.sock:", host: "rfid.furiios.es"
